[handleMsg]:  {
  type: 'text',
  from: '595986242987',
  to: '15556407363',
  body: 'Hola',
  pushName: 'Raul Fernandez'
}
[QUEUE_SE_ENVIO]:  {
  ref: 'ans_e51e3a2d-5448-4aec-bbbb-74b71cf1a8df',
  keyword: 'key_3c9d2373-9c87-4f70-975c-a3bc4b999eee',
  answer: 'Buenas! Como estás?',
  options: {
    media: null,
    buttons: [],
    capture: false,
    child: null,
    delay: 0,
    idle: null,
    ref: null,
    nested: [],
    keyword: {},
    callback: false
  },
  refSerialize: '3af11f64f8abfdd22d8e8bcc3689d4e0'
}
[QUEUE_SE_ENVIO]:  {
  ref: 'ans_71743870-5e4d-4182-bc6e-5c53101e3bc6',
  keyword: 'ans_e51e3a2d-5448-4aec-bbbb-74b71cf1a8df',
  answer: 'Que deseas hacer?',
  options: {
    media: null,
    buttons: [ [Object], [Object], [Object] ],
    capture: true,
    child: null,
    delay: 0,
    idle: null,
    ref: null,
    nested: [ [Object], [Object] ],
    keyword: {},
    callback: false
  },
  refSerialize: '3dc041ae187b49df330e574f1aa494d4'
}
[handleMsg]:  {
  type: 'interactive',
  from: '595986242987',
  to: '15556407363',
  body: 'Hacer un pedido',
  title_button_reply: 'Hacer un pedido',
  title_list_reply: undefined,
  pushName: 'Raul Fernandez'
}
[QUEUE_SE_ENVIO]:  {
  ref: 'ans_475c6efe-5a92-4e58-9075-a7fab2739f13',
  keyword: 'key_cb105ccc-8cf0-4369-adab-3333c843794b',
  answer: 'Favor indicar el tipo de pedido.',
  options: {
    media: null,
    buttons: [ [Object], [Object] ],
    capture: true,
    child: null,
    delay: 0,
    idle: null,
    ref: null,
    nested: [ [Object], [Object] ],
    keyword: {},
    callback: false
  },
  refSerialize: '54a9ac8a49ce4405dcea57c658c357e2'
}
[handleMsg]:  {
  type: 'interactive',
  from: '595986242987',
  to: '15556407363',
  body: 'Delivery',
  title_button_reply: 'Delivery',
  title_list_reply: undefined,
  pushName: 'Raul Fernandez'
}
[QUEUE_SE_ENVIO]:  {
  ref: 'ans_25f26168-6a80-4ea7-a548-b4ef5633ced2',
  keyword: 'key_e76095c0-31ca-4b74-81c1-959a65f20f61',
  answer: 'Desea factura?',
  options: {
    media: null,
    buttons: [ [Object], [Object] ],
    capture: false,
    child: null,
    delay: 0,
    idle: null,
    ref: null,
    nested: [ [Object], [Object], [Object], [Object] ],
    keyword: {},
    callback: false
  },
  refSerialize: '0812825d989bc068d4de17049ac7a967'
}
[handleMsg]:  {
  type: 'interactive',
  from: '595986242987',
  to: '15556407363',
  body: 'Si',
  title_button_reply: 'Si',
  title_list_reply: undefined,
  pushName: 'Raul Fernandez'
}
[QUEUE_SE_ENVIO]:  {
  ref: 'ans_684e4ce8-5dca-4e5f-a4d7-a63be653c464',
  keyword: 'key_fd6285aa-d61f-4052-a1be-a5be0564a4de',
  answer: 'Favor indicar los siguientes datos (en un solo mensaje):\r\n' +
    '\r\n' +
    '* Nombre y apellido\r\n' +
    '* RUC\r\n' +
    '* Número de teléfono\r\n' +
    '* Dirección\r\n' +
    '* Referencia',
  options: {
    media: null,
    buttons: [],
    capture: true,
    child: null,
    delay: 0,
    idle: null,
    ref: null,
    nested: [],
    keyword: {},
    callback: true
  },
  refSerialize: 'e7ecd4f42ff76a844eda22996f7b3701'
}
[handleMsg]:  {
  type: 'text',
  from: '595986242987',
  to: '15556407363',
  body: 'Raul Fernandez\n5026646\n0986242987\nAlcorta 421\nPorton gris',
  pushName: 'Raul Fernandez'
}
[handleMsg]:  {
  type: 'interactive',
  from: '595986242987',
  to: '15556407363',
  body: 'Realizar pedido',
  title_button_reply: 'Realizar pedido',
  title_list_reply: undefined,
  pushName: 'Raul Fernandez'
}
[QUEUE_SE_ENVIO]:  {
  ref: 'ans_33c73023-0be6-4684-9206-38bbc92f6079',
  keyword: 'key_06cb5562-e709-4c84-81cf-a19217fc979d',
  answer: '📝 ¿Qué deseas pedir?',
  options: {
    media: null,
    buttons: [],
    capture: true,
    child: null,
    delay: 0,
    idle: null,
    ref: null,
    nested: [],
    keyword: {},
    callback: true
  },
  refSerialize: '3770ab0c4d8a021ae241fa6cd544a3d5'
}
[handleMsg]:  {
  type: 'text',
  from: '595986242987',
  to: '15556407363',
  body: 'Pizza',
  pushName: 'Raul Fernandez'
}
[handleMsg]:  {
  type: 'interactive',
  from: '595986242987',
  to: '15556407363',
  body: 'Eso es todo',
  title_button_reply: 'Eso es todo',
  title_list_reply: undefined,
  pushName: 'Raul Fernandez'
}
